Build started 14/06/2017 11:34:48 a.m..
     1>Project "H:\SuperSpoonRepo\Graphics Final\Robotron\Robotron.vcxproj" on node 2 (Build target(s)).
     1>ClCompile:
         C:\Program Files (x86)\Microsoft Visual Studio 12.0\VC\bin\CL.exe /c /I"H:\SuperSpoonRepo\Graphics Final\Robotron\include" /ZI /nologo /W3 /WX- /sdl /Od /Oy- /D _MBCS /Gm /EHsc /RTC1 /MDd /GS /fp:precise /Zc:wchar_t /Zc:forScope /Fo"Debug\\" /Fd"Debug\vc120.pdb" /Gd /TP /analyze- /errorReport:prompt Bullet.cpp GameScene.cpp Light.cpp Model.cpp Planet.cpp Terrain.cpp main.cpp
         Bullet.cpp
         Generating Code...
         Compiling...
         Terrain.cpp
     1>h:\superspoonrepo\graphics final\robotron\terrain.cpp(317): warning C4305: 'argument' : truncation from 'double' to 'GLfloat'
         GameScene.cpp
     1>h:\superspoonrepo\graphics final\robotron\gamescene.cpp(32): warning C4244: 'argument' : conversion from 'time_t' to 'unsigned int', possible loss of data
     1>h:\superspoonrepo\graphics final\robotron\gamescene.cpp(217): warning C4305: '=' : truncation from 'double' to 'GLfloat'
     1>h:\superspoonrepo\graphics final\robotron\gamescene.cpp(317): warning C4244: '=' : conversion from 'int' to 'float', possible loss of data
     1>h:\superspoonrepo\graphics final\robotron\gamescene.cpp(318): warning C4244: '=' : conversion from 'int' to 'float', possible loss of data
         Generating Code...
         Skipping... (no relevant changes detected)
         main.cpp
         Planet.cpp
         Model.cpp
         Light.cpp
       Link:
         C:\Program Files (x86)\Microsoft Visual Studio 12.0\VC\bin\link.exe /ERRORREPORT:PROMPT /OUT:"H:\SuperSpoonRepo\Graphics Final\Debug\Robotron.exe" /INCREMENTAL /NOLOGO /LIBPATH:"H:\SuperSpoonRepo\Graphics Final\Robotron\lib" freeglut.lib glew32.lib opengl32.lib SOIL.lib freetype.lib fmod_vc.lib assimp.lib kernel32.lib user32.lib gdi32.lib winspool.lib comdlg32.lib advapi32.lib shell32.lib ole32.lib oleaut32.lib uuid.lib odbc32.lib odbccp32.lib /MANIFEST /MANIFESTUAC:"level='asInvoker' uiAccess='false'" /manifest:embed /DEBUG /PDB:"H:\SuperSpoonRepo\Graphics Final\Debug\Robotron.pdb" /TLBID:1 /DYNAMICBASE /NXCOMPAT /IMPLIB:"H:\SuperSpoonRepo\Graphics Final\Debug\Robotron.lib" /MACHINE:X86 Debug\Bullet.obj
         Debug\Camera.obj
         Debug\Cubemap.obj
         Debug\GameScene.obj
         Debug\GeometryModel.obj
         Debug\HeightGenerator.obj
         Debug\Light.obj
         Debug\main.obj
         Debug\Model.obj
         Debug\Planet.obj
         Debug\ReflectionModel.obj
         Debug\ShaderLoader.obj
         Debug\Terrain.obj
         Debug\TessModel.obj
         Debug\TextLabel.obj
         Debug\Utils.obj
         SOIL.lib(SOIL.obj) : MSIL .netmodule or module compiled with /GL found; restarting link with /LTCG; add /LTCG to the link command line to improve linker performance
     1>LINK : warning LNK4075: ignoring '/INCREMENTAL' due to '/LTCG' specification
     1>Bullet.obj : warning LNK4075: ignoring '/EDITANDCONTINUE' due to '/OPT:LBR' specification
     1>LINK : warning LNK4098: defaultlib 'MSVCRT' conflicts with use of other libs; use /NODEFAULTLIB:library
         Generating code
         Finished generating code
     1>SOIL.lib(SOIL.obj) : warning LNK4099: PDB 'vc120.pdb' was not found with 'SOIL.lib(SOIL.obj)' or at 'H:\SuperSpoonRepo\Graphics Final\Debug\vc120.pdb'; linking object as if no debug info
     1>SOIL.lib(stb_image_aug.obj) : warning LNK4099: PDB 'vc120.pdb' was not found with 'SOIL.lib(stb_image_aug.obj)' or at 'H:\SuperSpoonRepo\Graphics Final\Debug\vc120.pdb'; linking object as if no debug info
     1>SOIL.lib(image_helper.obj) : warning LNK4099: PDB 'vc120.pdb' was not found with 'SOIL.lib(image_helper.obj)' or at 'H:\SuperSpoonRepo\Graphics Final\Debug\vc120.pdb'; linking object as if no debug info
     1>SOIL.lib(image_DXT.obj) : warning LNK4099: PDB 'vc120.pdb' was not found with 'SOIL.lib(image_DXT.obj)' or at 'H:\SuperSpoonRepo\Graphics Final\Debug\vc120.pdb'; linking object as if no debug info
         Robotron.vcxproj -> H:\SuperSpoonRepo\Graphics Final\Debug\Robotron.exe
     1>Done Building Project "H:\SuperSpoonRepo\Graphics Final\Robotron\Robotron.vcxproj" (Build target(s)).

Build succeeded.

Time Elapsed 00:00:13.43
